<?xml version="1.0" encoding="UTF-8"?>
<!-- Generated by org.testng.reporters.JUnitReportReporter -->
<testsuite hostname="LIN-5CG136BW0R" failures="0" tests="1" name="SeleniumWebDriver.Assertions$AssertionsDemo" time="0.010" errors="0" timestamp="2025-03-19T00:01:25 IST" skipped="0">
  <testcase classname="SeleniumWebDriver.Assertions$AssertionsDemo" name="testTitle" time="0.010"/>
</testsuite> <!-- SeleniumWebDriver.Assertions$AssertionsDemo -->
