<?xml version="1.0" encoding="UTF-8"?>
<!-- Generated by org.testng.reporters.JUnitReportReporter -->
<testsuite hostname="LIN-5CG136BW0R" failures="0" tests="5" name="SeleniumWebDriver.DependencyMtd" time="0.026" errors="0" timestamp="2025-03-19T00:15:11 IST" skipped="0">
  <testcase classname="SeleniumWebDriver.DependencyMtd" name="openapp" time="0.020"/>
  <testcase classname="SeleniumWebDriver.DependencyMtd" name="login" time="0.001"/>
  <testcase classname="SeleniumWebDriver.DependencyMtd" name="search" time="0.002"/>
  <testcase classname="SeleniumWebDriver.DependencyMtd" name="advsearch" time="0.001"/>
  <testcase classname="SeleniumWebDriver.DependencyMtd" name="logout" time="0.002"/>
</testsuite> <!-- SeleniumWebDriver.DependencyMtd -->
