<?xml version="1.0" encoding="UTF-8"?>
<!-- Generated by org.testng.reporters.JUnitReportReporter -->
<testsuite hostname="LIN-5CG136BW0R" failures="0" tests="2" name="TestNG.PaymentsTests" time="0.006" errors="0" timestamp="2025-03-19T10:49:17 IST" skipped="0">
  <testcase classname="TestNG.PaymentsTests" name="paymentinRupees" time="0.004"/>
  <testcase classname="TestNG.PaymentsTests" name="paymentinDollars" time="0.002"/>
</testsuite> <!-- TestNG.PaymentsTests -->
