<?xml version="1.0" encoding="UTF-8"?>
<!-- Generated by org.testng.reporters.JUnitReportReporter -->
<testsuite hostname="LIN-5CG136BW0R" failures="0" tests="3" name="SeleniumWebDriver.OrangeHrmTestng" time="12.852" errors="0" timestamp="2025-03-16T23:55:29 IST" skipped="0">
  <testcase classname="SeleniumWebDriver.OrangeHrmTestng" name="logo" time="9.345"/>
  <testcase classname="SeleniumWebDriver.OrangeHrmTestng" name="login" time="3.235"/>
  <testcase classname="SeleniumWebDriver.OrangeHrmTestng" name="logout" time="0.272"/>
</testsuite> <!-- SeleniumWebDriver.OrangeHrmTestng -->
