<?xml version="1.0" encoding="UTF-8"?>
<!-- Generated by org.testng.reporters.JUnitReportReporter -->
<testsuite hostname="LIN-5CG136BW0R" failures="0" tests="3" name="SeleniumWebDriver.FirstTestng" time="0.020" errors="0" timestamp="2025-03-18T23:50:49 IST" skipped="0">
  <testcase classname="SeleniumWebDriver.FirstTestng" name="openapp" time="0.007"/>
  <testcase classname="SeleniumWebDriver.FirstTestng" name="login" time="0.002"/>
  <testcase classname="SeleniumWebDriver.FirstTestng" name="logout" time="0.011"/>
</testsuite> <!-- SeleniumWebDriver.FirstTestng -->
