<?xml version="1.0" encoding="UTF-8"?>
<!-- Generated by org.testng.reporters.JUnitReportReporter -->
<testsuite hostname="LIN-5CG136BW0R" failures="0" tests="1" name="SeleniumWebDriver.HardAssertions" time="0.010" errors="0" timestamp="2025-03-19T00:04:50 IST" skipped="0">
  <testcase classname="SeleniumWebDriver.HardAssertions" name="test" time="0.010"/>
</testsuite> <!-- SeleniumWebDriver.HardAssertions -->
