<?xml version="1.0" encoding="UTF-8"?>
<!-- Generated by org.testng.reporters.JUnitReportReporter -->
<testsuite hostname="LIN-5CG136BW0R" failures="0" tests="3" name="TestNG.LoginTests" time="0.019" errors="0" timestamp="2025-03-19T10:50:00 IST" skipped="0">
  <testcase classname="TestNG.LoginTests" name="loginByEmail" time="0.015"/>
  <testcase classname="TestNG.LoginTests" name="loginByFacebook" time="0.002"/>
  <testcase classname="TestNG.LoginTests" name="loginBytwitter" time="0.002"/>
</testsuite> <!-- TestNG.LoginTests -->
