<?xml version="1.0" encoding="UTF-8"?>
<!-- Generated by org.testng.reporters.JUnitReportReporter -->
<testsuite hostname="LIN-5CG136BW0R" failures="0" tests="2" name="SeleniumWebDriver.AllAnnotations" time="0.009" errors="0" timestamp="2025-03-19T00:12:51 IST" skipped="0">
  <testcase classname="SeleniumWebDriver.AllAnnotations" name="tm1" time="0.008"/>
  <testcase classname="SeleniumWebDriver.AllAnnotations" name="tm2" time="0.001"/>
</testsuite> <!-- SeleniumWebDriver.AllAnnotations -->
